<?xml version="1.0" encoding="UTF-8" standalone="no"?>
<!DOCTYPE log SYSTEM "logger.dtd">
<log>
<record>
  <date>2018-10-01T15:24:20</date>
  <millis>1538387660550</millis>
  <sequence>0</sequence>
  <level>START</level>
  <class>com.kms.katalon.core.logging.KeywordLogger</class>
  <method>startSuite</method>
  <thread>1</thread>
  <message>Start Test Suite : Test Suites/MySuite</message>
  <nestedLevel>0</nestedLevel>
  <property name="name">MySuite</property>
  <property name="description"></property>
  <property name="id">Test Suites/MySuite</property>
</record>
<record>
  <date>2018-10-01T15:24:20</date>
  <millis>1538387660570</millis>
  <sequence>1</sequence>
  <level>RUN_DATA</level>
  <class>com.kms.katalon.core.logging.KeywordLogger</class>
  <method>logMessage</method>
  <thread>1</thread>
  <message>Logging run data &amp;apos;hostName&amp;apos; with value &amp;apos;Dell - 10.64.1.251&amp;apos;</message>
  <nestedLevel>0</nestedLevel>
  <property name="hostName">Dell - 10.64.1.251</property>
</record>
<record>
  <date>2018-10-01T15:24:20</date>
  <millis>1538387660655</millis>
  <sequence>2</sequence>
  <level>RUN_DATA</level>
  <class>com.kms.katalon.core.logging.KeywordLogger</class>
  <method>logMessage</method>
  <thread>1</thread>
  <message>Logging run data &amp;apos;os&amp;apos; with value &amp;apos;Windows 10 64bit&amp;apos;</message>
  <nestedLevel>0</nestedLevel>
  <property name="os">Windows 10 64bit</property>
</record>
<record>
  <date>2018-10-01T15:24:20</date>
  <millis>1538387660655</millis>
  <sequence>3</sequence>
  <level>RUN_DATA</level>
  <class>com.kms.katalon.core.logging.KeywordLogger</class>
  <method>logMessage</method>
  <thread>1</thread>
  <message>Logging run data &amp;apos;hostAddress&amp;apos; with value &amp;apos;10.64.1.251&amp;apos;</message>
  <nestedLevel>0</nestedLevel>
  <property name="hostAddress">10.64.1.251</property>
</record>
<record>
  <date>2018-10-01T15:24:20</date>
  <millis>1538387660655</millis>
  <sequence>4</sequence>
  <level>RUN_DATA</level>
  <class>com.kms.katalon.core.logging.KeywordLogger</class>
  <method>logMessage</method>
  <thread>1</thread>
  <message>Logging run data &amp;apos;katalonVersion&amp;apos; with value &amp;apos;5.7.1.1&amp;apos;</message>
  <nestedLevel>0</nestedLevel>
  <property name="katalonVersion">5.7.1.1</property>
</record>
<record>
  <date>2018-10-01T15:24:21</date>
  <millis>1538387661068</millis>
  <sequence>5</sequence>
  <level>START</level>
  <class>com.kms.katalon.core.logging.KeywordLogger</class>
  <method>startTest</method>
  <thread>1</thread>
  <message>Start Test Case : Test Cases/TestCases/TestCase1</message>
  <nestedLevel>1</nestedLevel>
  <property name="name">Test Cases/TestCases/TestCase1</property>
  <property name="description"></property>
  <property name="id">Test Cases/TestCases/TestCase1</property>
  <property name="source">C:\\Work\\Projects\\Kraft\\Kraft_Sample\\Test Cases\\TestCases\\TestCase1.tc</property>
  <property name="isOptional">false</property>
</record>
<record>
  <date>2018-10-01T15:24:21</date>
  <millis>1538387661098</millis>
  <sequence>6</sequence>
  <level>INFO</level>
  <class>com.kms.katalon.core.logging.KeywordLogger</class>
  <method>logMessage</method>
  <thread>1</thread>
  <message>Evaluating variables for test case</message>
  <nestedLevel>1</nestedLevel>
</record>
<record>
  <date>2018-10-01T15:24:21</date>
  <millis>1538387661396</millis>
  <sequence>7</sequence>
  <level>START</level>
  <class>com.kms.katalon.core.logging.KeywordLogger</class>
  <method>startKeyword</method>
  <thread>1</thread>
  <message>Start action : callTestCase</message>
  <nestedLevel>1</nestedLevel>
  <property name="startLine">16</property>
  <property name="stepIndex">1</property>
</record>
<record>
  <date>2018-10-01T15:24:21</date>
  <millis>1538387661477</millis>
  <sequence>8</sequence>
  <level>INFO</level>
  <class>com.kms.katalon.core.logging.KeywordLogger</class>
  <method>logMessage</method>
  <thread>1</thread>
  <message>Checking called Test Case</message>
  <nestedLevel>1</nestedLevel>
</record>
<record>
  <date>2018-10-01T15:24:21</date>
  <millis>1538387661479</millis>
  <sequence>9</sequence>
  <level>INFO</level>
  <class>com.kms.katalon.core.logging.KeywordLogger</class>
  <method>logMessage</method>
  <thread>1</thread>
  <message>Starting to call Test Case &amp;apos;Test Cases/Component/OpenAppURL&amp;apos;</message>
  <nestedLevel>1</nestedLevel>
</record>
<record>
  <date>2018-10-01T15:24:21</date>
  <millis>1538387661532</millis>
  <sequence>10</sequence>
  <level>START</level>
  <class>com.kms.katalon.core.logging.KeywordLogger</class>
  <method>startTest</method>
  <thread>1</thread>
  <message>Start Test Case : Test Cases/Component/OpenAppURL</message>
  <nestedLevel>2</nestedLevel>
  <property name="name">Test Cases/Component/OpenAppURL</property>
  <property name="description">to open any url in a given browser</property>
  <property name="id">Test Cases/Component/OpenAppURL</property>
  <property name="source">C:\\Work\\Projects\\Kraft\\Kraft_Sample\\Test Cases\\Component\\OpenAppURL.tc</property>
  <property name="isOptional">false</property>
</record>
<record>
  <date>2018-10-01T15:24:21</date>
  <millis>1538387661548</millis>
  <sequence>11</sequence>
  <level>INFO</level>
  <class>com.kms.katalon.core.logging.KeywordLogger</class>
  <method>logMessage</method>
  <thread>1</thread>
  <message>Evaluating variables for test case</message>
  <nestedLevel>2</nestedLevel>
</record>
<record>
  <date>2018-10-01T15:24:21</date>
  <millis>1538387661739</millis>
  <sequence>12</sequence>
  <level>START</level>
  <class>com.kms.katalon.core.logging.KeywordLogger</class>
  <method>startKeyword</method>
  <thread>1</thread>
  <message>Start action : openBrowser</message>
  <nestedLevel>1</nestedLevel>
  <property name="startLine">16</property>
  <property name="stepIndex">1</property>
</record>
<record>
  <date>2018-10-01T15:24:22</date>
  <millis>1538387662056</millis>
  <sequence>13</sequence>
  <level>INFO</level>
  <class>com.kms.katalon.core.logging.KeywordLogger</class>
  <method>logMessage</method>
  <thread>1</thread>
  <message>Opening browser</message>
  <nestedLevel>2</nestedLevel>
</record>
<record>
  <date>2018-10-01T15:24:22</date>
  <millis>1538387662059</millis>
  <sequence>14</sequence>
  <level>INFO</level>
  <class>com.kms.katalon.core.logging.KeywordLogger</class>
  <method>logMessage</method>
  <thread>1</thread>
  <message>Starting &amp;apos;Chrome&amp;apos; driver</message>
  <nestedLevel>2</nestedLevel>
</record>
<record>
  <date>2018-10-01T15:24:22</date>
  <millis>1538387662085</millis>
  <sequence>15</sequence>
  <level>INFO</level>
  <class>com.kms.katalon.core.logging.KeywordLogger</class>
  <method>logMessage</method>
  <thread>1</thread>
  <message>Action delay is set to 0 seconds</message>
  <nestedLevel>2</nestedLevel>
</record>
<record>
  <date>2018-10-01T15:24:24</date>
  <millis>1538387664988</millis>
  <sequence>17</sequence>
  <level>RUN_DATA</level>
  <class>com.kms.katalon.core.logging.KeywordLogger</class>
  <method>logMessage</method>
  <thread>1</thread>
  <message>Logging run data &amp;apos;sessionId&amp;apos; with value &amp;apos;85abdc100cbbed408ce8234068cc90a6&amp;apos;</message>
  <nestedLevel>2</nestedLevel>
  <property name="sessionId">85abdc100cbbed408ce8234068cc90a6</property>
</record>
<record>
  <date>2018-10-01T15:24:25</date>
  <millis>1538387665034</millis>
  <sequence>18</sequence>
  <level>RUN_DATA</level>
  <class>com.kms.katalon.core.logging.KeywordLogger</class>
  <method>logMessage</method>
  <thread>1</thread>
  <message>Logging run data &amp;apos;browser&amp;apos; with value &amp;apos;Chrome 69.0.3497.100&amp;apos;</message>
  <nestedLevel>2</nestedLevel>
  <property name="browser">Chrome 69.0.3497.100</property>
</record>
<record>
  <date>2018-10-01T15:24:25</date>
  <millis>1538387665035</millis>
  <sequence>19</sequence>
  <level>RUN_DATA</level>
  <class>com.kms.katalon.core.logging.KeywordLogger</class>
  <method>logMessage</method>
  <thread>1</thread>
  <message>Logging run data &amp;apos;platform&amp;apos; with value &amp;apos;Windows 10&amp;apos;</message>
  <nestedLevel>2</nestedLevel>
  <property name="platform">Windows 10</property>
</record>
<record>
  <date>2018-10-01T15:24:25</date>
  <millis>1538387665038</millis>
  <sequence>20</sequence>
  <level>RUN_DATA</level>
  <class>com.kms.katalon.core.logging.KeywordLogger</class>
  <method>logMessage</method>
  <thread>1</thread>
  <message>Logging run data &amp;apos;seleniumVersion&amp;apos; with value &amp;apos;3.7.1&amp;apos;</message>
  <nestedLevel>2</nestedLevel>
  <property name="seleniumVersion">3.7.1</property>
</record>
<record>
  <date>2018-10-01T15:24:25</date>
  <millis>1538387665039</millis>
  <sequence>21</sequence>
  <level>RUN_DATA</level>
  <class>com.kms.katalon.core.logging.KeywordLogger</class>
  <method>logMessage</method>
  <thread>1</thread>
  <message>Logging run data &amp;apos;proxyInformation&amp;apos; with value &amp;apos;ProxyInformation{proxyOption=NO_PROXY, proxyServerType=HTTP, password=, proxyServerAddress=, proxyServerPort=0}&amp;apos;</message>
  <nestedLevel>2</nestedLevel>
  <property name="proxyInformation">ProxyInformation{proxyOption=NO_PROXY, proxyServerType=HTTP, password=, proxyServerAddress=, proxyServerPort=0}</property>
</record>
<record>
  <date>2018-10-01T15:24:25</date>
  <millis>1538387665041</millis>
  <sequence>22</sequence>
  <level>PASSED</level>
  <class>com.kms.katalon.core.logging.KeywordLogger</class>
  <method>logMessage</method>
  <thread>1</thread>
  <message>Browser is opened with url: &amp;apos;&amp;apos;</message>
  <nestedLevel>2</nestedLevel>
</record>
<record>
  <date>2018-10-01T15:24:25</date>
  <millis>1538387665042</millis>
  <sequence>23</sequence>
  <level>END</level>
  <class>com.kms.katalon.core.logging.KeywordLogger</class>
  <method>endKeyword</method>
  <thread>1</thread>
  <message>End action : openBrowser</message>
  <nestedLevel>1</nestedLevel>
</record>
<record>
  <date>2018-10-01T15:24:25</date>
  <millis>1538387665042</millis>
  <sequence>24</sequence>
  <level>START</level>
  <class>com.kms.katalon.core.logging.KeywordLogger</class>
  <method>startKeyword</method>
  <thread>1</thread>
  <message>Start action : com.kraft.compass.common.RobotX.RoboKeyPress</message>
  <nestedLevel>1</nestedLevel>
  <property name="startLine">18</property>
  <property name="stepIndex">2</property>
</record>
<record>
  <date>2018-10-01T15:24:26</date>
  <millis>1538387666365</millis>
  <sequence>25</sequence>
  <level>PASSED</level>
  <class>com.kms.katalon.core.logging.KeywordLogger</class>
  <method>logMessage</method>
  <thread>1</thread>
  <message>com.kraft.compass.common.RobotX.RoboKeyPress is PASSED</message>
  <nestedLevel>2</nestedLevel>
</record>
<record>
  <date>2018-10-01T15:24:26</date>
  <millis>1538387666366</millis>
  <sequence>26</sequence>
  <level>END</level>
  <class>com.kms.katalon.core.logging.KeywordLogger</class>
  <method>endKeyword</method>
  <thread>1</thread>
  <message>End action : com.kraft.compass.common.RobotX.RoboKeyPress</message>
  <nestedLevel>1</nestedLevel>
</record>
<record>
  <date>2018-10-01T15:24:26</date>
  <millis>1538387666367</millis>
  <sequence>27</sequence>
  <level>START</level>
  <class>com.kms.katalon.core.logging.KeywordLogger</class>
  <method>startKeyword</method>
  <thread>1</thread>
  <message>Start action : com.kraft.compass.common.RobotX.RoboKeyPress</message>
  <nestedLevel>1</nestedLevel>
  <property name="startLine">20</property>
  <property name="stepIndex">3</property>
</record>
<record>
  <date>2018-10-01T15:24:27</date>
  <millis>1538387667395</millis>
  <sequence>28</sequence>
  <level>PASSED</level>
  <class>com.kms.katalon.core.logging.KeywordLogger</class>
  <method>logMessage</method>
  <thread>1</thread>
  <message>com.kraft.compass.common.RobotX.RoboKeyPress is PASSED</message>
  <nestedLevel>2</nestedLevel>
</record>
<record>
  <date>2018-10-01T15:24:27</date>
  <millis>1538387667397</millis>
  <sequence>29</sequence>
  <level>END</level>
  <class>com.kms.katalon.core.logging.KeywordLogger</class>
  <method>endKeyword</method>
  <thread>1</thread>
  <message>End action : com.kraft.compass.common.RobotX.RoboKeyPress</message>
  <nestedLevel>1</nestedLevel>
</record>
<record>
  <date>2018-10-01T15:24:27</date>
  <millis>1538387667397</millis>
  <sequence>30</sequence>
  <level>START</level>
  <class>com.kms.katalon.core.logging.KeywordLogger</class>
  <method>startKeyword</method>
  <thread>1</thread>
  <message>Start action : com.kraft.compass.common.RobotX.RoboKeyPress</message>
  <nestedLevel>1</nestedLevel>
  <property name="startLine">22</property>
  <property name="stepIndex">4</property>
</record>
<record>
  <date>2018-10-01T15:24:28</date>
  <millis>1538387668400</millis>
  <sequence>31</sequence>
  <level>PASSED</level>
  <class>com.kms.katalon.core.logging.KeywordLogger</class>
  <method>logMessage</method>
  <thread>1</thread>
  <message>com.kraft.compass.common.RobotX.RoboKeyPress is PASSED</message>
  <nestedLevel>2</nestedLevel>
</record>
<record>
  <date>2018-10-01T15:24:28</date>
  <millis>1538387668400</millis>
  <sequence>32</sequence>
  <level>END</level>
  <class>com.kms.katalon.core.logging.KeywordLogger</class>
  <method>endKeyword</method>
  <thread>1</thread>
  <message>End action : com.kraft.compass.common.RobotX.RoboKeyPress</message>
  <nestedLevel>1</nestedLevel>
</record>
<record>
  <date>2018-10-01T15:24:28</date>
  <millis>1538387668401</millis>
  <sequence>33</sequence>
  <level>PASSED</level>
  <class>com.kms.katalon.core.logging.KeywordLogger</class>
  <method>logMessage</method>
  <thread>1</thread>
  <message>Test Cases/Component/OpenAppURL</message>
  <nestedLevel>2</nestedLevel>
</record>
<record>
  <date>2018-10-01T15:24:28</date>
  <millis>1538387668401</millis>
  <sequence>34</sequence>
  <level>END</level>
  <class>com.kms.katalon.core.logging.KeywordLogger</class>
  <method>endTest</method>
  <thread>1</thread>
  <message>End Test Case : Test Cases/Component/OpenAppURL</message>
  <nestedLevel>1</nestedLevel>
</record>
<record>
  <date>2018-10-01T15:24:28</date>
  <millis>1538387668407</millis>
  <sequence>35</sequence>
  <level>PASSED</level>
  <class>com.kms.katalon.core.logging.KeywordLogger</class>
  <method>logMessage</method>
  <thread>1</thread>
  <message>Call Test Case &amp;apos;Test Cases/Component/OpenAppURL&amp;apos; successfully</message>
  <nestedLevel>1</nestedLevel>
</record>
<record>
  <date>2018-10-01T15:24:28</date>
  <millis>1538387668407</millis>
  <sequence>36</sequence>
  <level>END</level>
  <class>com.kms.katalon.core.logging.KeywordLogger</class>
  <method>endKeyword</method>
  <thread>1</thread>
  <message>End action : callTestCase</message>
  <nestedLevel>1</nestedLevel>
</record>
<record>
  <date>2018-10-01T15:24:28</date>
  <millis>1538387668408</millis>
  <sequence>37</sequence>
  <level>START</level>
  <class>com.kms.katalon.core.logging.KeywordLogger</class>
  <method>startKeyword</method>
  <thread>1</thread>
  <message>Start action : callTestCase</message>
  <nestedLevel>1</nestedLevel>
  <property name="startLine">18</property>
  <property name="stepIndex">2</property>
</record>
<record>
  <date>2018-10-01T15:24:28</date>
  <millis>1538387668413</millis>
  <sequence>38</sequence>
  <level>INFO</level>
  <class>com.kms.katalon.core.logging.KeywordLogger</class>
  <method>logMessage</method>
  <thread>1</thread>
  <message>Checking called Test Case</message>
  <nestedLevel>1</nestedLevel>
</record>
<record>
  <date>2018-10-01T15:24:28</date>
  <millis>1538387668414</millis>
  <sequence>39</sequence>
  <level>INFO</level>
  <class>com.kms.katalon.core.logging.KeywordLogger</class>
  <method>logMessage</method>
  <thread>1</thread>
  <message>Starting to call Test Case &amp;apos;Test Cases/Component/Login&amp;apos;</message>
  <nestedLevel>1</nestedLevel>
</record>
<record>
  <date>2018-10-01T15:24:28</date>
  <millis>1538387668484</millis>
  <sequence>40</sequence>
  <level>START</level>
  <class>com.kms.katalon.core.logging.KeywordLogger</class>
  <method>startTest</method>
  <thread>1</thread>
  <message>Start Test Case : Test Cases/Component/Login</message>
  <nestedLevel>2</nestedLevel>
  <property name="name">Test Cases/Component/Login</property>
  <property name="description">login to apps</property>
  <property name="id">Test Cases/Component/Login</property>
  <property name="source">C:\\Work\\Projects\\Kraft\\Kraft_Sample\\Test Cases\\Component\\Login.tc</property>
  <property name="isOptional">false</property>
</record>
<record>
  <date>2018-10-01T15:24:28</date>
  <millis>1538387668494</millis>
  <sequence>41</sequence>
  <level>INFO</level>
  <class>com.kms.katalon.core.logging.KeywordLogger</class>
  <method>logMessage</method>
  <thread>1</thread>
  <message>Evaluating variables for test case</message>
  <nestedLevel>2</nestedLevel>
</record>
<record>
  <date>2018-10-01T15:24:28</date>
  <millis>1538387668649</millis>
  <sequence>42</sequence>
  <level>START</level>
  <class>com.kms.katalon.core.logging.KeywordLogger</class>
  <method>startKeyword</method>
  <thread>1</thread>
  <message>Start action : com.kraft.compass.common.RobotX.RoboKeyPress</message>
  <nestedLevel>1</nestedLevel>
  <property name="startLine">16</property>
  <property name="stepIndex">1</property>
</record>
<record>
  <date>2018-10-01T15:24:29</date>
  <millis>1538387669653</millis>
  <sequence>43</sequence>
  <level>PASSED</level>
  <class>com.kms.katalon.core.logging.KeywordLogger</class>
  <method>logMessage</method>
  <thread>1</thread>
  <message>com.kraft.compass.common.RobotX.RoboKeyPress is PASSED</message>
  <nestedLevel>2</nestedLevel>
</record>
<record>
  <date>2018-10-01T15:24:29</date>
  <millis>1538387669654</millis>
  <sequence>44</sequence>
  <level>END</level>
  <class>com.kms.katalon.core.logging.KeywordLogger</class>
  <method>endKeyword</method>
  <thread>1</thread>
  <message>End action : com.kraft.compass.common.RobotX.RoboKeyPress</message>
  <nestedLevel>1</nestedLevel>
</record>
<record>
  <date>2018-10-01T15:24:29</date>
  <millis>1538387669654</millis>
  <sequence>45</sequence>
  <level>START</level>
  <class>com.kms.katalon.core.logging.KeywordLogger</class>
  <method>startKeyword</method>
  <thread>1</thread>
  <message>Start action : com.kraft.compass.common.RobotX.RoboKeyPress</message>
  <nestedLevel>1</nestedLevel>
  <property name="startLine">18</property>
  <property name="stepIndex">2</property>
</record>
<record>
  <date>2018-10-01T15:24:30</date>
  <millis>1538387670661</millis>
  <sequence>46</sequence>
  <level>PASSED</level>
  <class>com.kms.katalon.core.logging.KeywordLogger</class>
  <method>logMessage</method>
  <thread>1</thread>
  <message>com.kraft.compass.common.RobotX.RoboKeyPress is PASSED</message>
  <nestedLevel>2</nestedLevel>
</record>
<record>
  <date>2018-10-01T15:24:30</date>
  <millis>1538387670663</millis>
  <sequence>47</sequence>
  <level>END</level>
  <class>com.kms.katalon.core.logging.KeywordLogger</class>
  <method>endKeyword</method>
  <thread>1</thread>
  <message>End action : com.kraft.compass.common.RobotX.RoboKeyPress</message>
  <nestedLevel>1</nestedLevel>
</record>
<record>
  <date>2018-10-01T15:24:30</date>
  <millis>1538387670663</millis>
  <sequence>48</sequence>
  <level>START</level>
  <class>com.kms.katalon.core.logging.KeywordLogger</class>
  <method>startKeyword</method>
  <thread>1</thread>
  <message>Start action : com.kraft.compass.common.RobotX.RoboKeyPress</message>
  <nestedLevel>1</nestedLevel>
  <property name="startLine">20</property>
  <property name="stepIndex">3</property>
</record>
<record>
  <date>2018-10-01T15:24:31</date>
  <millis>1538387671688</millis>
  <sequence>49</sequence>
  <level>PASSED</level>
  <class>com.kms.katalon.core.logging.KeywordLogger</class>
  <method>logMessage</method>
  <thread>1</thread>
  <message>com.kraft.compass.common.RobotX.RoboKeyPress is PASSED</message>
  <nestedLevel>2</nestedLevel>
</record>
<record>
  <date>2018-10-01T15:24:31</date>
  <millis>1538387671689</millis>
  <sequence>50</sequence>
  <level>END</level>
  <class>com.kms.katalon.core.logging.KeywordLogger</class>
  <method>endKeyword</method>
  <thread>1</thread>
  <message>End action : com.kraft.compass.common.RobotX.RoboKeyPress</message>
  <nestedLevel>1</nestedLevel>
</record>
<record>
  <date>2018-10-01T15:24:31</date>
  <millis>1538387671689</millis>
  <sequence>51</sequence>
  <level>START</level>
  <class>com.kms.katalon.core.logging.KeywordLogger</class>
  <method>startKeyword</method>
  <thread>1</thread>
  <message>Start action : com.kraft.compass.common.RobotX.RoboKeyPress</message>
  <nestedLevel>1</nestedLevel>
  <property name="startLine">22</property>
  <property name="stepIndex">4</property>
</record>
<record>
  <date>2018-10-01T15:24:32</date>
  <millis>1538387672695</millis>
  <sequence>52</sequence>
  <level>PASSED</level>
  <class>com.kms.katalon.core.logging.KeywordLogger</class>
  <method>logMessage</method>
  <thread>1</thread>
  <message>com.kraft.compass.common.RobotX.RoboKeyPress is PASSED</message>
  <nestedLevel>2</nestedLevel>
</record>
<record>
  <date>2018-10-01T15:24:32</date>
  <millis>1538387672698</millis>
  <sequence>53</sequence>
  <level>END</level>
  <class>com.kms.katalon.core.logging.KeywordLogger</class>
  <method>endKeyword</method>
  <thread>1</thread>
  <message>End action : com.kraft.compass.common.RobotX.RoboKeyPress</message>
  <nestedLevel>1</nestedLevel>
</record>
<record>
  <date>2018-10-01T15:24:32</date>
  <millis>1538387672698</millis>
  <sequence>54</sequence>
  <level>PASSED</level>
  <class>com.kms.katalon.core.logging.KeywordLogger</class>
  <method>logMessage</method>
  <thread>1</thread>
  <message>Test Cases/Component/Login</message>
  <nestedLevel>2</nestedLevel>
</record>
<record>
  <date>2018-10-01T15:24:32</date>
  <millis>1538387672698</millis>
  <sequence>55</sequence>
  <level>END</level>
  <class>com.kms.katalon.core.logging.KeywordLogger</class>
  <method>endTest</method>
  <thread>1</thread>
  <message>End Test Case : Test Cases/Component/Login</message>
  <nestedLevel>1</nestedLevel>
</record>
<record>
  <date>2018-10-01T15:24:32</date>
  <millis>1538387672698</millis>
  <sequence>56</sequence>
  <level>PASSED</level>
  <class>com.kms.katalon.core.logging.KeywordLogger</class>
  <method>logMessage</method>
  <thread>1</thread>
  <message>Call Test Case &amp;apos;Test Cases/Component/Login&amp;apos; successfully</message>
  <nestedLevel>1</nestedLevel>
</record>
<record>
  <date>2018-10-01T15:24:32</date>
  <millis>1538387672704</millis>
  <sequence>57</sequence>
  <level>END</level>
  <class>com.kms.katalon.core.logging.KeywordLogger</class>
  <method>endKeyword</method>
  <thread>1</thread>
  <message>End action : callTestCase</message>
  <nestedLevel>1</nestedLevel>
</record>
<record>
  <date>2018-10-01T15:24:32</date>
  <millis>1538387672705</millis>
  <sequence>58</sequence>
  <level>PASSED</level>
  <class>com.kms.katalon.core.logging.KeywordLogger</class>
  <method>logMessage</method>
  <thread>1</thread>
  <message>Test Cases/TestCases/TestCase1</message>
  <nestedLevel>1</nestedLevel>
</record>
<record>
  <date>2018-10-01T15:24:32</date>
  <millis>1538387672705</millis>
  <sequence>59</sequence>
  <level>END</level>
  <class>com.kms.katalon.core.logging.KeywordLogger</class>
  <method>endTest</method>
  <thread>1</thread>
  <message>End Test Case : Test Cases/TestCases/TestCase1</message>
  <nestedLevel>0</nestedLevel>
</record>
<record>
  <date>2018-10-01T15:24:33</date>
  <millis>1538387673450</millis>
  <sequence>60</sequence>
  <level>END</level>
  <class>com.kms.katalon.core.logging.KeywordLogger</class>
  <method>endSuite</method>
  <thread>1</thread>
  <message>End Test Suite : Test Suites/MySuite</message>
  <nestedLevel>0</nestedLevel>
</record>
</log>
