<?xml version="1.0" encoding="UTF-8" standalone="no"?>
<!DOCTYPE log SYSTEM "logger.dtd">
<log>
<record>
  <date>2018-10-24T14:18:53</date>
  <millis>1540370933848</millis>
  <sequence>0</sequence>
  <level>START</level>
  <class>com.kms.katalon.core.logging.KeywordLogger</class>
  <method>startSuite</method>
  <thread>1</thread>
  <message>Start Test Suite : Test Suites/MySuite</message>
  <nestedLevel>0</nestedLevel>
  <property name="name">MySuite</property>
  <property name="description"></property>
  <property name="id">Test Suites/MySuite</property>
</record>
<record>
  <date>2018-10-24T14:18:53</date>
  <millis>1540370933879</millis>
  <sequence>1</sequence>
  <level>RUN_DATA</level>
  <class>com.kms.katalon.core.logging.KeywordLogger</class>
  <method>logMessage</method>
  <thread>1</thread>
  <message>Logging run data &amp;apos;hostName&amp;apos; with value &amp;apos;Admin - 10.64.0.176&amp;apos;</message>
  <nestedLevel>0</nestedLevel>
  <property name="hostName">Admin - 10.64.0.176</property>
</record>
<record>
  <date>2018-10-24T14:18:53</date>
  <millis>1540370933882</millis>
  <sequence>2</sequence>
  <level>RUN_DATA</level>
  <class>com.kms.katalon.core.logging.KeywordLogger</class>
  <method>logMessage</method>
  <thread>1</thread>
  <message>Logging run data &amp;apos;os&amp;apos; with value &amp;apos;Windows 10 64bit&amp;apos;</message>
  <nestedLevel>0</nestedLevel>
  <property name="os">Windows 10 64bit</property>
</record>
<record>
  <date>2018-10-24T14:18:53</date>
  <millis>1540370933882</millis>
  <sequence>3</sequence>
  <level>RUN_DATA</level>
  <class>com.kms.katalon.core.logging.KeywordLogger</class>
  <method>logMessage</method>
  <thread>1</thread>
  <message>Logging run data &amp;apos;hostAddress&amp;apos; with value &amp;apos;10.64.0.176&amp;apos;</message>
  <nestedLevel>0</nestedLevel>
  <property name="hostAddress">10.64.0.176</property>
</record>
<record>
  <date>2018-10-24T14:18:53</date>
  <millis>1540370933883</millis>
  <sequence>4</sequence>
  <level>RUN_DATA</level>
  <class>com.kms.katalon.core.logging.KeywordLogger</class>
  <method>logMessage</method>
  <thread>1</thread>
  <message>Logging run data &amp;apos;katalonVersion&amp;apos; with value &amp;apos;5.7.1.1&amp;apos;</message>
  <nestedLevel>0</nestedLevel>
  <property name="katalonVersion">5.7.1.1</property>
</record>
<record>
  <date>2018-10-24T14:18:54</date>
  <millis>1540370934226</millis>
  <sequence>5</sequence>
  <level>START</level>
  <class>com.kms.katalon.core.logging.KeywordLogger</class>
  <method>startTest</method>
  <thread>1</thread>
  <message>Start Test Case : Test Cases/PageObjects/Common/OpenAppURL</message>
  <nestedLevel>1</nestedLevel>
  <property name="name">Test Cases/PageObjects/Common/OpenAppURL</property>
  <property name="description">to open any url in a given browser</property>
  <property name="id">Test Cases/PageObjects/Common/OpenAppURL</property>
  <property name="source">C:\\Users\\Admin\\Katalon Studio\\Kraft\\kr_kat\\Test Cases\\PageObjects\\Common\\OpenAppURL.tc</property>
  <property name="isOptional">false</property>
</record>
<record>
  <date>2018-10-24T14:18:54</date>
  <millis>1540370934243</millis>
  <sequence>6</sequence>
  <level>INFO</level>
  <class>com.kms.katalon.core.logging.KeywordLogger</class>
  <method>logMessage</method>
  <thread>1</thread>
  <message>Evaluating variables for test case</message>
  <nestedLevel>1</nestedLevel>
</record>
<record>
  <date>2018-10-24T14:18:54</date>
  <millis>1540370934297</millis>
  <sequence>7</sequence>
  <level>INFO</level>
  <class>com.kms.katalon.core.logging.KeywordLogger</class>
  <method>logMessage</method>
  <thread>1</thread>
  <message>Variable &amp;apos;url&amp;apos; is set to  as default</message>
  <nestedLevel>1</nestedLevel>
</record>
<record>
  <date>2018-10-24T14:18:54</date>
  <millis>1540370934529</millis>
  <sequence>8</sequence>
  <level>START</level>
  <class>com.kms.katalon.core.logging.KeywordLogger</class>
  <method>startKeyword</method>
  <thread>1</thread>
  <message>Start action : openBrowser</message>
  <nestedLevel>1</nestedLevel>
  <property name="startLine">16</property>
  <property name="stepIndex">1</property>
</record>
<record>
  <date>2018-10-24T14:18:54</date>
  <millis>1540370934826</millis>
  <sequence>9</sequence>
  <level>INFO</level>
  <class>com.kms.katalon.core.logging.KeywordLogger</class>
  <method>logMessage</method>
  <thread>1</thread>
  <message>Opening browser</message>
  <nestedLevel>1</nestedLevel>
</record>
<record>
  <date>2018-10-24T14:18:55</date>
  <millis>1540370935621</millis>
  <sequence>10</sequence>
  <level>RUN_DATA</level>
  <class>com.kms.katalon.core.logging.KeywordLogger</class>
  <method>logMessage</method>
  <thread>1</thread>
  <message>Logging run data &amp;apos;sessionId&amp;apos; with value &amp;apos;516c7e6596f1c1bd0940799caf61ee57&amp;apos;</message>
  <nestedLevel>1</nestedLevel>
  <property name="sessionId">516c7e6596f1c1bd0940799caf61ee57</property>
</record>
<record>
  <date>2018-10-24T14:18:59</date>
  <millis>1540370939719</millis>
  <sequence>11</sequence>
  <level>RUN_DATA</level>
  <class>com.kms.katalon.core.logging.KeywordLogger</class>
  <method>logMessage</method>
  <thread>1</thread>
  <message>Logging run data &amp;apos;browser&amp;apos; with value &amp;apos;&amp;apos;</message>
  <nestedLevel>1</nestedLevel>
  <property name="browser"></property>
</record>
<record>
  <date>2018-10-24T14:18:59</date>
  <millis>1540370939722</millis>
  <sequence>12</sequence>
  <level>RUN_DATA</level>
  <class>com.kms.katalon.core.logging.KeywordLogger</class>
  <method>logMessage</method>
  <thread>1</thread>
  <message>Logging run data &amp;apos;platform&amp;apos; with value &amp;apos;Windows 10&amp;apos;</message>
  <nestedLevel>1</nestedLevel>
  <property name="platform">Windows 10</property>
</record>
<record>
  <date>2018-10-24T14:18:59</date>
  <millis>1540370939722</millis>
  <sequence>13</sequence>
  <level>RUN_DATA</level>
  <class>com.kms.katalon.core.logging.KeywordLogger</class>
  <method>logMessage</method>
  <thread>1</thread>
  <message>Logging run data &amp;apos;seleniumVersion&amp;apos; with value &amp;apos;3.7.1&amp;apos;</message>
  <nestedLevel>1</nestedLevel>
  <property name="seleniumVersion">3.7.1</property>
</record>
<record>
  <date>2018-10-24T14:18:59</date>
  <millis>1540370939722</millis>
  <sequence>14</sequence>
  <level>RUN_DATA</level>
  <class>com.kms.katalon.core.logging.KeywordLogger</class>
  <method>logMessage</method>
  <thread>1</thread>
  <message>Logging run data &amp;apos;proxyInformation&amp;apos; with value &amp;apos;ProxyInformation{proxyOption=NO_PROXY, proxyServerType=HTTP, password=, proxyServerAddress=, proxyServerPort=0}&amp;apos;</message>
  <nestedLevel>1</nestedLevel>
  <property name="proxyInformation">ProxyInformation{proxyOption=NO_PROXY, proxyServerType=HTTP, password=, proxyServerAddress=, proxyServerPort=0}</property>
</record>
<record>
  <date>2018-10-24T14:18:59</date>
  <millis>1540370939722</millis>
  <sequence>15</sequence>
  <level>PASSED</level>
  <class>com.kms.katalon.core.logging.KeywordLogger</class>
  <method>logMessage</method>
  <thread>1</thread>
  <message>Browser is opened with url: &amp;apos;&amp;apos;</message>
  <nestedLevel>1</nestedLevel>
</record>
<record>
  <date>2018-10-24T14:18:59</date>
  <millis>1540370939733</millis>
  <sequence>16</sequence>
  <level>END</level>
  <class>com.kms.katalon.core.logging.KeywordLogger</class>
  <method>endKeyword</method>
  <thread>1</thread>
  <message>End action : openBrowser</message>
  <nestedLevel>1</nestedLevel>
</record>
<record>
  <date>2018-10-24T14:18:59</date>
  <millis>1540370939735</millis>
  <sequence>17</sequence>
  <level>START</level>
  <class>com.kms.katalon.core.logging.KeywordLogger</class>
  <method>startKeyword</method>
  <thread>1</thread>
  <message>Start action : common.RobotX.RoboKeyPressSpecial</message>
  <nestedLevel>1</nestedLevel>
  <property name="startLine">18</property>
  <property name="stepIndex">2</property>
</record>
<record>
  <date>2018-10-24T14:18:59</date>
  <millis>1540370939892</millis>
  <sequence>18</sequence>
  <level>PASSED</level>
  <class>com.kms.katalon.core.logging.KeywordLogger</class>
  <method>logMessage</method>
  <thread>1</thread>
  <message>common.RobotX.RoboKeyPressSpecial is PASSED</message>
  <nestedLevel>1</nestedLevel>
</record>
<record>
  <date>2018-10-24T14:18:59</date>
  <millis>1540370939893</millis>
  <sequence>19</sequence>
  <level>END</level>
  <class>com.kms.katalon.core.logging.KeywordLogger</class>
  <method>endKeyword</method>
  <thread>1</thread>
  <message>End action : common.RobotX.RoboKeyPressSpecial</message>
  <nestedLevel>1</nestedLevel>
</record>
<record>
  <date>2018-10-24T14:18:59</date>
  <millis>1540370939895</millis>
  <sequence>20</sequence>
  <level>START</level>
  <class>com.kms.katalon.core.logging.KeywordLogger</class>
  <method>startKeyword</method>
  <thread>1</thread>
  <message>Start action : common.RobotX.RoboKeyPress</message>
  <nestedLevel>1</nestedLevel>
  <property name="startLine">20</property>
  <property name="stepIndex">3</property>
</record>
<record>
  <date>2018-10-24T14:19:03</date>
  <millis>1540370943886</millis>
  <sequence>21</sequence>
  <level>PASSED</level>
  <class>com.kms.katalon.core.logging.KeywordLogger</class>
  <method>logMessage</method>
  <thread>1</thread>
  <message>common.RobotX.RoboKeyPress is PASSED</message>
  <nestedLevel>1</nestedLevel>
</record>
<record>
  <date>2018-10-24T14:19:03</date>
  <millis>1540370943888</millis>
  <sequence>22</sequence>
  <level>END</level>
  <class>com.kms.katalon.core.logging.KeywordLogger</class>
  <method>endKeyword</method>
  <thread>1</thread>
  <message>End action : common.RobotX.RoboKeyPress</message>
  <nestedLevel>1</nestedLevel>
</record>
<record>
  <date>2018-10-24T14:19:03</date>
  <millis>1540370943888</millis>
  <sequence>23</sequence>
  <level>START</level>
  <class>com.kms.katalon.core.logging.KeywordLogger</class>
  <method>startKeyword</method>
  <thread>1</thread>
  <message>Start action : common.RobotX.RoboKeyPressSpecial</message>
  <nestedLevel>1</nestedLevel>
  <property name="startLine">22</property>
  <property name="stepIndex">4</property>
</record>
<record>
  <date>2018-10-24T14:19:03</date>
  <millis>1540370943988</millis>
  <sequence>24</sequence>
  <level>PASSED</level>
  <class>com.kms.katalon.core.logging.KeywordLogger</class>
  <method>logMessage</method>
  <thread>1</thread>
  <message>common.RobotX.RoboKeyPressSpecial is PASSED</message>
  <nestedLevel>1</nestedLevel>
</record>
<record>
  <date>2018-10-24T14:19:03</date>
  <millis>1540370943990</millis>
  <sequence>25</sequence>
  <level>END</level>
  <class>com.kms.katalon.core.logging.KeywordLogger</class>
  <method>endKeyword</method>
  <thread>1</thread>
  <message>End action : common.RobotX.RoboKeyPressSpecial</message>
  <nestedLevel>1</nestedLevel>
</record>
<record>
  <date>2018-10-24T14:19:03</date>
  <millis>1540370943991</millis>
  <sequence>26</sequence>
  <level>PASSED</level>
  <class>com.kms.katalon.core.logging.KeywordLogger</class>
  <method>logMessage</method>
  <thread>1</thread>
  <message>Test Cases/PageObjects/Common/OpenAppURL</message>
  <nestedLevel>1</nestedLevel>
</record>
<record>
  <date>2018-10-24T14:19:03</date>
  <millis>1540370943991</millis>
  <sequence>27</sequence>
  <level>END</level>
  <class>com.kms.katalon.core.logging.KeywordLogger</class>
  <method>endTest</method>
  <thread>1</thread>
  <message>End Test Case : Test Cases/PageObjects/Common/OpenAppURL</message>
  <nestedLevel>0</nestedLevel>
</record>
<record>
  <date>2018-10-24T14:19:03</date>
  <millis>1540370943997</millis>
  <sequence>28</sequence>
  <level>START</level>
  <class>com.kms.katalon.core.logging.KeywordLogger</class>
  <method>startTest</method>
  <thread>1</thread>
  <message>Start Test Case : Test Cases/TestCases/Login</message>
  <nestedLevel>1</nestedLevel>
  <property name="name">Test Cases/TestCases/Login</property>
  <property name="description"></property>
  <property name="id">Test Cases/TestCases/Login</property>
  <property name="source">C:\\Users\\Admin\\Katalon Studio\\Kraft\\kr_kat\\Test Cases\\TestCases\\Login.tc</property>
  <property name="isOptional">false</property>
</record>
<record>
  <date>2018-10-24T14:19:04</date>
  <millis>1540370944027</millis>
  <sequence>29</sequence>
  <level>INFO</level>
  <class>com.kms.katalon.core.logging.KeywordLogger</class>
  <method>logMessage</method>
  <thread>1</thread>
  <message>Evaluating variables for test case</message>
  <nestedLevel>1</nestedLevel>
</record>
<record>
  <date>2018-10-24T14:19:04</date>
  <millis>1540370944201</millis>
  <sequence>30</sequence>
  <level>START</level>
  <class>com.kms.katalon.core.logging.KeywordLogger</class>
  <method>startKeyword</method>
  <thread>1</thread>
  <message>Start action : callTestCase</message>
  <nestedLevel>1</nestedLevel>
  <property name="startLine">16</property>
  <property name="stepIndex">1</property>
</record>
<record>
  <date>2018-10-24T14:19:04</date>
  <millis>1540370944241</millis>
  <sequence>31</sequence>
  <level>INFO</level>
  <class>com.kms.katalon.core.logging.KeywordLogger</class>
  <method>logMessage</method>
  <thread>1</thread>
  <message>Checking called Test Case</message>
  <nestedLevel>1</nestedLevel>
</record>
<record>
  <date>2018-10-24T14:19:04</date>
  <millis>1540370944242</millis>
  <sequence>32</sequence>
  <level>INFO</level>
  <class>com.kms.katalon.core.logging.KeywordLogger</class>
  <method>logMessage</method>
  <thread>1</thread>
  <message>Starting to call Test Case &amp;apos;Test Cases/PageObjects/Login/LoginCompass&amp;apos;</message>
  <nestedLevel>1</nestedLevel>
</record>
<record>
  <date>2018-10-24T14:19:04</date>
  <millis>1540370944301</millis>
  <sequence>33</sequence>
  <level>START</level>
  <class>com.kms.katalon.core.logging.KeywordLogger</class>
  <method>startTest</method>
  <thread>1</thread>
  <message>Start Test Case : Test Cases/PageObjects/Login/LoginCompass</message>
  <nestedLevel>2</nestedLevel>
  <property name="name">Test Cases/PageObjects/Login/LoginCompass</property>
  <property name="description">login to apps</property>
  <property name="id">Test Cases/PageObjects/Login/LoginCompass</property>
  <property name="source">C:\\Users\\Admin\\Katalon Studio\\Kraft\\kr_kat\\Test Cases\\PageObjects\\Login\\LoginCompass.tc</property>
  <property name="isOptional">false</property>
</record>
<record>
  <date>2018-10-24T14:19:04</date>
  <millis>1540370944325</millis>
  <sequence>34</sequence>
  <level>INFO</level>
  <class>com.kms.katalon.core.logging.KeywordLogger</class>
  <method>logMessage</method>
  <thread>1</thread>
  <message>Evaluating variables for test case</message>
  <nestedLevel>2</nestedLevel>
</record>
<record>
  <date>2018-10-24T14:19:04</date>
  <millis>1540370944327</millis>
  <sequence>35</sequence>
  <level>INFO</level>
  <class>com.kms.katalon.core.logging.KeywordLogger</class>
  <method>logMessage</method>
  <thread>1</thread>
  <message>Variable &amp;apos;DID&amp;apos; is set to 1</message>
  <nestedLevel>2</nestedLevel>
</record>
<record>
  <date>2018-10-24T14:19:04</date>
  <millis>1540370944588</millis>
  <sequence>36</sequence>
  <level>START</level>
  <class>com.kms.katalon.core.logging.KeywordLogger</class>
  <method>startKeyword</method>
  <thread>1</thread>
  <message>Start action : Statement - td = com.kms.katalon.core.testdata.TestDataFactory.findTestData(TestData/Login)</message>
  <nestedLevel>1</nestedLevel>
  <property name="startLine">16</property>
  <property name="stepIndex">1</property>
</record>
<record>
  <date>2018-10-24T14:19:04</date>
  <millis>1540370944605</millis>
  <sequence>37</sequence>
  <level>INFO</level>
  <class>com.kms.katalon.core.logging.KeywordLogger</class>
  <method>logMessage</method>
  <thread>1</thread>
  <message>Checking test data id</message>
  <nestedLevel>2</nestedLevel>
</record>
<record>
  <date>2018-10-24T14:19:04</date>
  <millis>1540370944606</millis>
  <sequence>38</sequence>
  <level>INFO</level>
  <class>com.kms.katalon.core.logging.KeywordLogger</class>
  <method>logMessage</method>
  <thread>1</thread>
  <message>Finding test data with id &amp;apos;Data Files/TestData/Login&amp;apos;</message>
  <nestedLevel>2</nestedLevel>
</record>
<record>
  <date>2018-10-24T14:19:04</date>
  <millis>1540370944607</millis>
  <sequence>39</sequence>
  <level>INFO</level>
  <class>com.kms.katalon.core.logging.KeywordLogger</class>
  <method>logMessage</method>
  <thread>1</thread>
  <message>Test data is excel file, reading excel file</message>
  <nestedLevel>2</nestedLevel>
</record>
<record>
  <date>2018-10-24T14:19:04</date>
  <millis>1540370944607</millis>
  <sequence>40</sequence>
  <level>INFO</level>
  <class>com.kms.katalon.core.logging.KeywordLogger</class>
  <method>logMessage</method>
  <thread>1</thread>
  <message>Reading excel file with source file &amp;apos;C:\\Users\\Admin\\Katalon Studio\\Kraft\\kr_kat\\Data Files\\TestData\\TestDataFile.xlsx&amp;apos; and sheet name &amp;apos;LOGIN&amp;apos;</message>
  <nestedLevel>2</nestedLevel>
</record>
<record>
  <date>2018-10-24T14:19:05</date>
  <millis>1540370945401</millis>
  <sequence>41</sequence>
  <level>END</level>
  <class>com.kms.katalon.core.logging.KeywordLogger</class>
  <method>endKeyword</method>
  <thread>1</thread>
  <message>End action : Statement - td = com.kms.katalon.core.testdata.TestDataFactory.findTestData(TestData/Login)</message>
  <nestedLevel>1</nestedLevel>
</record>
<record>
  <date>2018-10-24T14:19:05</date>
  <millis>1540370945402</millis>
  <sequence>42</sequence>
  <level>START</level>
  <class>com.kms.katalon.core.logging.KeywordLogger</class>
  <method>startKeyword</method>
  <thread>1</thread>
  <message>Start action : Statement - Iterator = CustomKeywords.framework.Framework.GetTestDataMap(td, DID.toString())</message>
  <nestedLevel>1</nestedLevel>
  <property name="startLine">18</property>
  <property name="stepIndex">2</property>
</record>
<record>
  <date>2018-10-24T14:19:05</date>
  <millis>1540370945451</millis>
  <sequence>43</sequence>
  <level>PASSED</level>
  <class>com.kms.katalon.core.logging.KeywordLogger</class>
  <method>logMessage</method>
  <thread>1</thread>
  <message>framework.Framework.GetTestDataMap is PASSED</message>
  <nestedLevel>2</nestedLevel>
</record>
<record>
  <date>2018-10-24T14:19:05</date>
  <millis>1540370945451</millis>
  <sequence>44</sequence>
  <level>END</level>
  <class>com.kms.katalon.core.logging.KeywordLogger</class>
  <method>endKeyword</method>
  <thread>1</thread>
  <message>End action : Statement - Iterator = CustomKeywords.framework.Framework.GetTestDataMap(td, DID.toString())</message>
  <nestedLevel>1</nestedLevel>
</record>
<record>
  <date>2018-10-24T14:19:05</date>
  <millis>1540370945452</millis>
  <sequence>45</sequence>
  <level>START</level>
  <class>com.kms.katalon.core.logging.KeywordLogger</class>
  <method>startKeyword</method>
  <thread>1</thread>
  <message>Start action : Statement - For (def Iteration : Iterator)</message>
  <nestedLevel>1</nestedLevel>
  <property name="startLine">20</property>
  <property name="stepIndex">3</property>
</record>
<record>
  <date>2018-10-24T14:19:05</date>
  <millis>1540370945454</millis>
  <sequence>46</sequence>
  <level>START</level>
  <class>com.kms.katalon.core.logging.KeywordLogger</class>
  <method>startKeyword</method>
  <thread>1</thread>
  <message>Start action : Statement - RunTest(Iteration.getValue())</message>
  <nestedLevel>2</nestedLevel>
  <property name="startLine">21</property>
  <property name="stepIndex">1</property>
</record>
<record>
  <date>2018-10-24T14:19:05</date>
  <millis>1540370945460</millis>
  <sequence>47</sequence>
  <level>END</level>
  <class>com.kms.katalon.core.logging.KeywordLogger</class>
  <method>endKeyword</method>
  <thread>1</thread>
  <message>End action : Statement - RunTest(Iteration.getValue())</message>
  <nestedLevel>2</nestedLevel>
</record>
<record>
  <date>2018-10-24T14:19:05</date>
  <millis>1540370945460</millis>
  <sequence>48</sequence>
  <level>END</level>
  <class>com.kms.katalon.core.logging.KeywordLogger</class>
  <method>endKeyword</method>
  <thread>1</thread>
  <message>End action : Statement - For (def Iteration : Iterator)</message>
  <nestedLevel>1</nestedLevel>
</record>
<record>
  <date>2018-10-24T14:19:05</date>
  <millis>1540370945460</millis>
  <sequence>49</sequence>
  <level>START</level>
  <class>com.kms.katalon.core.logging.KeywordLogger</class>
  <method>startKeyword</method>
  <thread>1</thread>
  <message>Start action : common.General.sleep</message>
  <nestedLevel>1</nestedLevel>
  <property name="startLine">26</property>
  <property name="stepIndex">1</property>
</record>
<record>
  <date>2018-10-24T14:19:25</date>
  <millis>1540370965466</millis>
  <sequence>50</sequence>
  <level>PASSED</level>
  <class>com.kms.katalon.core.logging.KeywordLogger</class>
  <method>logMessage</method>
  <thread>1</thread>
  <message>common.General.sleep is PASSED</message>
  <nestedLevel>2</nestedLevel>
</record>
<record>
  <date>2018-10-24T14:19:25</date>
  <millis>1540370965468</millis>
  <sequence>51</sequence>
  <level>END</level>
  <class>com.kms.katalon.core.logging.KeywordLogger</class>
  <method>endKeyword</method>
  <thread>1</thread>
  <message>End action : common.General.sleep</message>
  <nestedLevel>1</nestedLevel>
</record>
<record>
  <date>2018-10-24T14:19:25</date>
  <millis>1540370965468</millis>
  <sequence>52</sequence>
  <level>START</level>
  <class>com.kms.katalon.core.logging.KeywordLogger</class>
  <method>startKeyword</method>
  <thread>1</thread>
  <message>Start action : common.RobotX.RoboKeyPress</message>
  <nestedLevel>1</nestedLevel>
  <property name="startLine">28</property>
  <property name="stepIndex">2</property>
</record>
<record>
  <date>2018-10-24T14:19:26</date>
  <millis>1540370966692</millis>
  <sequence>53</sequence>
  <level>PASSED</level>
  <class>com.kms.katalon.core.logging.KeywordLogger</class>
  <method>logMessage</method>
  <thread>1</thread>
  <message>common.RobotX.RoboKeyPress is PASSED</message>
  <nestedLevel>2</nestedLevel>
</record>
<record>
  <date>2018-10-24T14:19:26</date>
  <millis>1540370966693</millis>
  <sequence>54</sequence>
  <level>END</level>
  <class>com.kms.katalon.core.logging.KeywordLogger</class>
  <method>endKeyword</method>
  <thread>1</thread>
  <message>End action : common.RobotX.RoboKeyPress</message>
  <nestedLevel>1</nestedLevel>
</record>
<record>
  <date>2018-10-24T14:19:26</date>
  <millis>1540370966694</millis>
  <sequence>55</sequence>
  <level>START</level>
  <class>com.kms.katalon.core.logging.KeywordLogger</class>
  <method>startKeyword</method>
  <thread>1</thread>
  <message>Start action : common.RobotX.RoboKeyPressSpecial</message>
  <nestedLevel>1</nestedLevel>
  <property name="startLine">30</property>
  <property name="stepIndex">3</property>
</record>
<record>
  <date>2018-10-24T14:19:26</date>
  <millis>1540370966796</millis>
  <sequence>56</sequence>
  <level>PASSED</level>
  <class>com.kms.katalon.core.logging.KeywordLogger</class>
  <method>logMessage</method>
  <thread>1</thread>
  <message>common.RobotX.RoboKeyPressSpecial is PASSED</message>
  <nestedLevel>2</nestedLevel>
</record>
<record>
  <date>2018-10-24T14:19:26</date>
  <millis>1540370966798</millis>
  <sequence>57</sequence>
  <level>END</level>
  <class>com.kms.katalon.core.logging.KeywordLogger</class>
  <method>endKeyword</method>
  <thread>1</thread>
  <message>End action : common.RobotX.RoboKeyPressSpecial</message>
  <nestedLevel>1</nestedLevel>
</record>
<record>
  <date>2018-10-24T14:19:26</date>
  <millis>1540370966798</millis>
  <sequence>58</sequence>
  <level>START</level>
  <class>com.kms.katalon.core.logging.KeywordLogger</class>
  <method>startKeyword</method>
  <thread>1</thread>
  <message>Start action : common.RobotX.RoboKeyPress</message>
  <nestedLevel>1</nestedLevel>
  <property name="startLine">32</property>
  <property name="stepIndex">4</property>
</record>
<record>
  <date>2018-10-24T14:19:27</date>
  <millis>1540370967914</millis>
  <sequence>59</sequence>
  <level>PASSED</level>
  <class>com.kms.katalon.core.logging.KeywordLogger</class>
  <method>logMessage</method>
  <thread>1</thread>
  <message>common.RobotX.RoboKeyPress is PASSED</message>
  <nestedLevel>2</nestedLevel>
</record>
<record>
  <date>2018-10-24T14:19:27</date>
  <millis>1540370967917</millis>
  <sequence>60</sequence>
  <level>END</level>
  <class>com.kms.katalon.core.logging.KeywordLogger</class>
  <method>endKeyword</method>
  <thread>1</thread>
  <message>End action : common.RobotX.RoboKeyPress</message>
  <nestedLevel>1</nestedLevel>
</record>
<record>
  <date>2018-10-24T14:19:27</date>
  <millis>1540370967917</millis>
  <sequence>61</sequence>
  <level>START</level>
  <class>com.kms.katalon.core.logging.KeywordLogger</class>
  <method>startKeyword</method>
  <thread>1</thread>
  <message>Start action : common.RobotX.RoboKeyPressSpecial</message>
  <nestedLevel>1</nestedLevel>
  <property name="startLine">34</property>
  <property name="stepIndex">5</property>
</record>
<record>
  <date>2018-10-24T14:19:28</date>
  <millis>1540370968020</millis>
  <sequence>62</sequence>
  <level>PASSED</level>
  <class>com.kms.katalon.core.logging.KeywordLogger</class>
  <method>logMessage</method>
  <thread>1</thread>
  <message>common.RobotX.RoboKeyPressSpecial is PASSED</message>
  <nestedLevel>2</nestedLevel>
</record>
<record>
  <date>2018-10-24T14:19:28</date>
  <millis>1540370968021</millis>
  <sequence>63</sequence>
  <level>END</level>
  <class>com.kms.katalon.core.logging.KeywordLogger</class>
  <method>endKeyword</method>
  <thread>1</thread>
  <message>End action : common.RobotX.RoboKeyPressSpecial</message>
  <nestedLevel>1</nestedLevel>
</record>
<record>
  <date>2018-10-24T14:19:28</date>
  <millis>1540370968022</millis>
  <sequence>64</sequence>
  <level>PASSED</level>
  <class>com.kms.katalon.core.logging.KeywordLogger</class>
  <method>logMessage</method>
  <thread>1</thread>
  <message>Test Cases/PageObjects/Login/LoginCompass</message>
  <nestedLevel>2</nestedLevel>
</record>
<record>
  <date>2018-10-24T14:19:28</date>
  <millis>1540370968022</millis>
  <sequence>65</sequence>
  <level>END</level>
  <class>com.kms.katalon.core.logging.KeywordLogger</class>
  <method>endTest</method>
  <thread>1</thread>
  <message>End Test Case : Test Cases/PageObjects/Login/LoginCompass</message>
  <nestedLevel>1</nestedLevel>
</record>
