<?xml version="1.0" encoding="UTF-8" standalone="no"?>
<!DOCTYPE log SYSTEM "logger.dtd">
<log>
<record>
  <date>2018-10-17T13:10:01</date>
  <millis>1539762001463</millis>
  <sequence>0</sequence>
  <level>START</level>
  <class>com.kms.katalon.core.logging.KeywordLogger</class>
  <method>startSuite</method>
  <thread>1</thread>
  <message>Start Test Suite : Test Suites/MySuite</message>
  <nestedLevel>0</nestedLevel>
  <property name="name">MySuite</property>
  <property name="description"></property>
  <property name="id">Test Suites/MySuite</property>
</record>
<record>
  <date>2018-10-17T13:10:01</date>
  <millis>1539762001487</millis>
  <sequence>1</sequence>
  <level>RUN_DATA</level>
  <class>com.kms.katalon.core.logging.KeywordLogger</class>
  <method>logMessage</method>
  <thread>1</thread>
  <message>Logging run data &amp;apos;hostName&amp;apos; with value &amp;apos;DELL - 10.64.0.19&amp;apos;</message>
  <nestedLevel>0</nestedLevel>
  <property name="hostName">DELL - 10.64.0.19</property>
</record>
<record>
  <date>2018-10-17T13:10:01</date>
  <millis>1539762001491</millis>
  <sequence>2</sequence>
  <level>RUN_DATA</level>
  <class>com.kms.katalon.core.logging.KeywordLogger</class>
  <method>logMessage</method>
  <thread>1</thread>
  <message>Logging run data &amp;apos;os&amp;apos; with value &amp;apos;Windows 10 64bit&amp;apos;</message>
  <nestedLevel>0</nestedLevel>
  <property name="os">Windows 10 64bit</property>
</record>
<record>
  <date>2018-10-17T13:10:01</date>
  <millis>1539762001492</millis>
  <sequence>3</sequence>
  <level>RUN_DATA</level>
  <class>com.kms.katalon.core.logging.KeywordLogger</class>
  <method>logMessage</method>
  <thread>1</thread>
  <message>Logging run data &amp;apos;hostAddress&amp;apos; with value &amp;apos;10.64.0.19&amp;apos;</message>
  <nestedLevel>0</nestedLevel>
  <property name="hostAddress">10.64.0.19</property>
</record>
<record>
  <date>2018-10-17T13:10:01</date>
  <millis>1539762001494</millis>
  <sequence>4</sequence>
  <level>RUN_DATA</level>
  <class>com.kms.katalon.core.logging.KeywordLogger</class>
  <method>logMessage</method>
  <thread>1</thread>
  <message>Logging run data &amp;apos;katalonVersion&amp;apos; with value &amp;apos;5.7.1.1&amp;apos;</message>
  <nestedLevel>0</nestedLevel>
  <property name="katalonVersion">5.7.1.1</property>
</record>
<record>
  <date>2018-10-17T13:10:02</date>
  <millis>1539762002465</millis>
  <sequence>5</sequence>
  <level>START</level>
  <class>com.kms.katalon.core.logging.KeywordLogger</class>
  <method>startTest</method>
  <thread>1</thread>
  <message>Start Test Case : Test Cases/TestCases/Smoke_Test_1</message>
  <nestedLevel>1</nestedLevel>
  <property name="name">Test Cases/TestCases/Smoke_Test_1</property>
  <property name="description"></property>
  <property name="id">Test Cases/TestCases/Smoke_Test_1</property>
  <property name="source">C:\\Users\\DELL\\Katalon Studio\\kr_kat\\Test Cases\\TestCases\\Smoke_Test_1.tc</property>
  <property name="isOptional">false</property>
</record>
<record>
  <date>2018-10-17T13:10:02</date>
  <millis>1539762002516</millis>
  <sequence>6</sequence>
  <level>INFO</level>
  <class>com.kms.katalon.core.logging.KeywordLogger</class>
  <method>logMessage</method>
  <thread>1</thread>
  <message>Evaluating variables for test case</message>
  <nestedLevel>1</nestedLevel>
</record>
<record>
  <date>2018-10-17T13:10:02</date>
  <millis>1539762002619</millis>
  <sequence>7</sequence>
  <level>INFO</level>
  <class>com.kms.katalon.core.logging.KeywordLogger</class>
  <method>logMessage</method>
  <thread>1</thread>
  <message>Variable &amp;apos;DID&amp;apos; is set to 1002 as default</message>
  <nestedLevel>1</nestedLevel>
</record>
<record>
  <date>2018-10-17T13:10:03</date>
  <millis>1539762003124</millis>
  <sequence>8</sequence>
  <level>START</level>
  <class>com.kms.katalon.core.logging.KeywordLogger</class>
  <method>startKeyword</method>
  <thread>1</thread>
  <message>Start action : callTestCase</message>
  <nestedLevel>1</nestedLevel>
  <property name="startLine">16</property>
  <property name="stepIndex">1</property>
</record>
<record>
  <date>2018-10-17T13:10:03</date>
  <millis>1539762003230</millis>
  <sequence>9</sequence>
  <level>INFO</level>
  <class>com.kms.katalon.core.logging.KeywordLogger</class>
  <method>logMessage</method>
  <thread>1</thread>
  <message>Checking called Test Case</message>
  <nestedLevel>1</nestedLevel>
</record>
<record>
  <date>2018-10-17T13:10:03</date>
  <millis>1539762003231</millis>
  <sequence>10</sequence>
  <level>INFO</level>
  <class>com.kms.katalon.core.logging.KeywordLogger</class>
  <method>logMessage</method>
  <thread>1</thread>
  <message>Starting to call Test Case &amp;apos;Test Cases/PageObjects/Dashboard/Dashboard_Header&amp;apos;</message>
  <nestedLevel>1</nestedLevel>
</record>
<record>
  <date>2018-10-17T13:10:03</date>
  <millis>1539762003287</millis>
  <sequence>11</sequence>
  <level>START</level>
  <class>com.kms.katalon.core.logging.KeywordLogger</class>
  <method>startTest</method>
  <thread>1</thread>
  <message>Start Test Case : Test Cases/PageObjects/Dashboard/Dashboard_Header</message>
  <nestedLevel>2</nestedLevel>
  <property name="name">Test Cases/PageObjects/Dashboard/Dashboard_Header</property>
  <property name="description"></property>
  <property name="id">Test Cases/PageObjects/Dashboard/Dashboard_Header</property>
  <property name="source">C:\\Users\\DELL\\Katalon Studio\\kr_kat\\Test Cases\\PageObjects\\Dashboard\\Dashboard_Header.tc</property>
  <property name="isOptional">false</property>
</record>
<record>
  <date>2018-10-17T13:10:03</date>
  <millis>1539762003298</millis>
  <sequence>12</sequence>
  <level>INFO</level>
  <class>com.kms.katalon.core.logging.KeywordLogger</class>
  <method>logMessage</method>
  <thread>1</thread>
  <message>Evaluating variables for test case</message>
  <nestedLevel>2</nestedLevel>
</record>
<record>
  <date>2018-10-17T13:10:03</date>
  <millis>1539762003298</millis>
  <sequence>13</sequence>
  <level>INFO</level>
  <class>com.kms.katalon.core.logging.KeywordLogger</class>
  <method>logMessage</method>
  <thread>1</thread>
  <message>Variable &amp;apos;DID&amp;apos; is set to 1</message>
  <nestedLevel>2</nestedLevel>
</record>
<record>
  <date>2018-10-17T13:10:03</date>
  <millis>1539762003697</millis>
  <sequence>14</sequence>
  <level>START</level>
  <class>com.kms.katalon.core.logging.KeywordLogger</class>
  <method>startKeyword</method>
  <thread>1</thread>
  <message>Start action : Statement - td = com.kms.katalon.core.testdata.TestDataFactory.findTestData(TestData/Dashboard)</message>
  <nestedLevel>1</nestedLevel>
  <property name="startLine">17</property>
  <property name="stepIndex">1</property>
</record>
<record>
  <date>2018-10-17T13:10:03</date>
  <millis>1539762003713</millis>
  <sequence>15</sequence>
  <level>INFO</level>
  <class>com.kms.katalon.core.logging.KeywordLogger</class>
  <method>logMessage</method>
  <thread>1</thread>
  <message>Checking test data id</message>
  <nestedLevel>2</nestedLevel>
</record>
<record>
  <date>2018-10-17T13:10:03</date>
  <millis>1539762003713</millis>
  <sequence>16</sequence>
  <level>INFO</level>
  <class>com.kms.katalon.core.logging.KeywordLogger</class>
  <method>logMessage</method>
  <thread>1</thread>
  <message>Finding test data with id &amp;apos;Data Files/TestData/Dashboard&amp;apos;</message>
  <nestedLevel>2</nestedLevel>
</record>
<record>
  <date>2018-10-17T13:10:03</date>
  <millis>1539762003727</millis>
  <sequence>17</sequence>
  <level>INFO</level>
  <class>com.kms.katalon.core.logging.KeywordLogger</class>
  <method>logMessage</method>
  <thread>1</thread>
  <message>Test data is excel file, reading excel file</message>
  <nestedLevel>2</nestedLevel>
</record>
<record>
  <date>2018-10-17T13:10:03</date>
  <millis>1539762003728</millis>
  <sequence>18</sequence>
  <level>INFO</level>
  <class>com.kms.katalon.core.logging.KeywordLogger</class>
  <method>logMessage</method>
  <thread>1</thread>
  <message>Reading excel file with source file &amp;apos;C:\\Users\\DELL\\Katalon Studio\\kr_kat\\Data Files\\TestData\\TestDataFile.xlsx&amp;apos; and sheet name &amp;apos;DASHBRD&amp;apos;</message>
  <nestedLevel>2</nestedLevel>
</record>
<record>
  <date>2018-10-17T13:10:05</date>
  <millis>1539762005293</millis>
  <sequence>19</sequence>
  <level>END</level>
  <class>com.kms.katalon.core.logging.KeywordLogger</class>
  <method>endKeyword</method>
  <thread>1</thread>
  <message>End action : Statement - td = com.kms.katalon.core.testdata.TestDataFactory.findTestData(TestData/Dashboard)</message>
  <nestedLevel>1</nestedLevel>
</record>
<record>
  <date>2018-10-17T13:10:05</date>
  <millis>1539762005293</millis>
  <sequence>20</sequence>
  <level>START</level>
  <class>com.kms.katalon.core.logging.KeywordLogger</class>
  <method>startKeyword</method>
  <thread>1</thread>
  <message>Start action : Statement - Iterator = CustomKeywords.framework.Framework.GetTestDataMap(td, DID.toString())</message>
  <nestedLevel>1</nestedLevel>
  <property name="startLine">19</property>
  <property name="stepIndex">2</property>
</record>
<record>
  <date>2018-10-17T13:10:05</date>
  <millis>1539762005462</millis>
  <sequence>21</sequence>
  <level>PASSED</level>
  <class>com.kms.katalon.core.logging.KeywordLogger</class>
  <method>logMessage</method>
  <thread>1</thread>
  <message>framework.Framework.GetTestDataMap is PASSED</message>
  <nestedLevel>2</nestedLevel>
</record>
<record>
  <date>2018-10-17T13:10:05</date>
  <millis>1539762005464</millis>
  <sequence>22</sequence>
  <level>END</level>
  <class>com.kms.katalon.core.logging.KeywordLogger</class>
  <method>endKeyword</method>
  <thread>1</thread>
  <message>End action : Statement - Iterator = CustomKeywords.framework.Framework.GetTestDataMap(td, DID.toString())</message>
  <nestedLevel>1</nestedLevel>
</record>
<record>
  <date>2018-10-17T13:10:05</date>
  <millis>1539762005465</millis>
  <sequence>23</sequence>
  <level>START</level>
  <class>com.kms.katalon.core.logging.KeywordLogger</class>
  <method>startKeyword</method>
  <thread>1</thread>
  <message>Start action : Statement - For (def Iteration : Iterator)</message>
  <nestedLevel>1</nestedLevel>
  <property name="startLine">21</property>
  <property name="stepIndex">3</property>
</record>
<record>
  <date>2018-10-17T13:10:05</date>
  <millis>1539762005469</millis>
  <sequence>24</sequence>
  <level>START</level>
  <class>com.kms.katalon.core.logging.KeywordLogger</class>
  <method>startKeyword</method>
  <thread>1</thread>
  <message>Start action : Statement - RunTest(Iteration.getValue())</message>
  <nestedLevel>2</nestedLevel>
  <property name="startLine">22</property>
  <property name="stepIndex">1</property>
</record>
<record>
  <date>2018-10-17T13:10:05</date>
  <millis>1539762005491</millis>
  <sequence>25</sequence>
  <level>END</level>
  <class>com.kms.katalon.core.logging.KeywordLogger</class>
  <method>endKeyword</method>
  <thread>1</thread>
  <message>End action : Statement - RunTest(Iteration.getValue())</message>
  <nestedLevel>2</nestedLevel>
</record>
<record>
  <date>2018-10-17T13:10:05</date>
  <millis>1539762005493</millis>
  <sequence>26</sequence>
  <level>END</level>
  <class>com.kms.katalon.core.logging.KeywordLogger</class>
  <method>endKeyword</method>
  <thread>1</thread>
  <message>End action : Statement - For (def Iteration : Iterator)</message>
  <nestedLevel>1</nestedLevel>
</record>
<record>
  <date>2018-10-17T13:10:05</date>
  <millis>1539762005496</millis>
  <sequence>27</sequence>
  <level>START</level>
  <class>com.kms.katalon.core.logging.KeywordLogger</class>
  <method>startKeyword</method>
  <thread>1</thread>
  <message>Start action : common.General.selectListBox</message>
  <nestedLevel>1</nestedLevel>
  <property name="startLine">26</property>
  <property name="stepIndex">1</property>
</record>
<record>
  <date>2018-10-17T13:10:05</date>
  <millis>1539762005506</millis>
  <sequence>28</sequence>
  <level>INFO</level>
  <class>com.kms.katalon.core.logging.KeywordLogger</class>
  <method>logMessage</method>
  <thread>1</thread>
  <message>Finding Test Object with id &amp;apos;Object Repository/Compass/Dashboard/ddb_plan_year&amp;apos;</message>
  <nestedLevel>2</nestedLevel>
</record>
<record>
  <date>2018-10-17T13:10:05</date>
  <millis>1539762005578</millis>
  <sequence>29</sequence>
  <level>INFO</level>
  <class>com.kms.katalon.core.logging.KeywordLogger</class>
  <method>logMessage</method>
  <thread>1</thread>
  <message>Delaying browser in 5 second(s)</message>
  <nestedLevel>2</nestedLevel>
</record>
<record>
  <date>2018-10-17T13:10:10</date>
  <millis>1539762010578</millis>
  <sequence>30</sequence>
  <level>PASSED</level>
  <class>com.kms.katalon.core.logging.KeywordLogger</class>
  <method>logMessage</method>
  <thread>1</thread>
  <message>Delayed 5 second(s)</message>
  <nestedLevel>2</nestedLevel>
</record>
<record>
  <date>2018-10-17T13:10:11</date>
  <millis>1539762011019</millis>
  <sequence>31</sequence>
  <level>INFO</level>
  <class>com.kms.katalon.core.logging.KeywordLogger</class>
  <method>logMessage</method>
  <thread>1</thread>
  <message>Checking object</message>
  <nestedLevel>2</nestedLevel>
</record>
<record>
  <date>2018-10-17T13:10:11</date>
  <millis>1539762011020</millis>
  <sequence>32</sequence>
  <level>INFO</level>
  <class>com.kms.katalon.core.logging.KeywordLogger</class>
  <method>logMessage</method>
  <thread>1</thread>
  <message>Checking timeout</message>
  <nestedLevel>2</nestedLevel>
</record>
<record>
  <date>2018-10-17T13:10:11</date>
  <millis>1539762011028</millis>
  <sequence>33</sequence>
  <level>INFO</level>
  <class>com.kms.katalon.core.logging.KeywordLogger</class>
  <method>logMessage</method>
  <thread>1</thread>
  <message>Checking timeout</message>
  <nestedLevel>2</nestedLevel>
</record>
<record>
  <date>2018-10-17T13:10:12</date>
  <millis>1539762012920</millis>
  <sequence>34</sequence>
  <level>RUN_DATA</level>
  <class>com.kms.katalon.core.logging.KeywordLogger</class>
  <method>logMessage</method>
  <thread>1</thread>
  <message>Logging run data &amp;apos;sessionId&amp;apos; with value &amp;apos;71f92b4822c509e7ffbf0715e8fe0545&amp;apos;</message>
  <nestedLevel>2</nestedLevel>
  <property name="sessionId">71f92b4822c509e7ffbf0715e8fe0545</property>
</record>
<record>
  <date>2018-10-17T13:10:12</date>
  <millis>1539762012948</millis>
  <sequence>35</sequence>
  <level>RUN_DATA</level>
  <class>com.kms.katalon.core.logging.KeywordLogger</class>
  <method>logMessage</method>
  <thread>1</thread>
  <message>Logging run data &amp;apos;browser&amp;apos; with value &amp;apos;Chrome 69.0.3497.100&amp;apos;</message>
  <nestedLevel>2</nestedLevel>
  <property name="browser">Chrome 69.0.3497.100</property>
</record>
<record>
  <date>2018-10-17T13:10:12</date>
  <millis>1539762012950</millis>
  <sequence>36</sequence>
  <level>RUN_DATA</level>
  <class>com.kms.katalon.core.logging.KeywordLogger</class>
  <method>logMessage</method>
  <thread>1</thread>
  <message>Logging run data &amp;apos;platform&amp;apos; with value &amp;apos;Windows 10&amp;apos;</message>
  <nestedLevel>2</nestedLevel>
  <property name="platform">Windows 10</property>
</record>
<record>
  <date>2018-10-17T13:10:12</date>
  <millis>1539762012954</millis>
  <sequence>37</sequence>
  <level>RUN_DATA</level>
  <class>com.kms.katalon.core.logging.KeywordLogger</class>
  <method>logMessage</method>
  <thread>1</thread>
  <message>Logging run data &amp;apos;seleniumVersion&amp;apos; with value &amp;apos;3.7.1&amp;apos;</message>
  <nestedLevel>2</nestedLevel>
  <property name="seleniumVersion">3.7.1</property>
</record>
<record>
  <date>2018-10-17T13:10:12</date>
  <millis>1539762012954</millis>
  <sequence>38</sequence>
  <level>RUN_DATA</level>
  <class>com.kms.katalon.core.logging.KeywordLogger</class>
  <method>logMessage</method>
  <thread>1</thread>
  <message>Logging run data &amp;apos;proxyInformation&amp;apos; with value &amp;apos;ProxyInformation{proxyOption=NO_PROXY, proxyServerType=HTTP, password=, proxyServerAddress=, proxyServerPort=0}&amp;apos;</message>
  <nestedLevel>2</nestedLevel>
  <property name="proxyInformation">ProxyInformation{proxyOption=NO_PROXY, proxyServerType=HTTP, password=, proxyServerAddress=, proxyServerPort=0}</property>
</record>
<record>
  <date>2018-10-17T13:10:12</date>
  <millis>1539762012985</millis>
  <sequence>39</sequence>
  <level>INFO</level>
  <class>com.kms.katalon.core.logging.KeywordLogger</class>
  <method>logMessage</method>
  <thread>1</thread>
  <message>Finding web element with id: &amp;apos;Object Repository/Compass/Dashboard/ddb_plan_year&amp;apos; located by &amp;apos;By.xpath: //compass-plan-selection-header-component/div[2]/div[2]/span[1]/kendo-dropdownlist/span[@role=&amp;apos;listbox&amp;apos;]//span[@class=&amp;apos;k-i-arrow-s k-icon&amp;apos;]&amp;apos; in &amp;apos;50&amp;apos; second(s)</message>
  <nestedLevel>2</nestedLevel>
</record>
<record>
  <date>2018-10-17T13:10:13</date>
  <millis>1539762013011</millis>
  <sequence>40</sequence>
  <level>INFO</level>
  <class>com.kms.katalon.core.logging.KeywordLogger</class>
  <method>logMessage</method>
  <thread>1</thread>
  <message>Found 1 web elements with id: &amp;apos;Object Repository/Compass/Dashboard/ddb_plan_year&amp;apos; located by &amp;apos;By.xpath: //compass-plan-selection-header-component/div[2]/div[2]/span[1]/kendo-dropdownlist/span[@role=&amp;apos;listbox&amp;apos;]//span[@class=&amp;apos;k-i-arrow-s k-icon&amp;apos;]&amp;apos; in &amp;apos;50&amp;apos; second(s)</message>
  <nestedLevel>2</nestedLevel>
</record>
<record>
  <date>2018-10-17T13:10:13</date>
  <millis>1539762013066</millis>
  <sequence>41</sequence>
  <level>PASSED</level>
  <class>com.kms.katalon.core.logging.KeywordLogger</class>
  <method>logMessage</method>
  <thread>1</thread>
  <message>Object &amp;apos;Object Repository/Compass/Dashboard/ddb_plan_year&amp;apos; is clickable</message>
  <nestedLevel>2</nestedLevel>
</record>
<record>
  <date>2018-10-17T13:10:13</date>
  <millis>1539762013087</millis>
  <sequence>42</sequence>
  <level>INFO</level>
  <class>com.kms.katalon.core.logging.KeywordLogger</class>
  <method>logMessage</method>
  <thread>1</thread>
  <message>Checking object</message>
  <nestedLevel>2</nestedLevel>
</record>
<record>
  <date>2018-10-17T13:10:13</date>
  <millis>1539762013089</millis>
  <sequence>43</sequence>
  <level>INFO</level>
  <class>com.kms.katalon.core.logging.KeywordLogger</class>
  <method>logMessage</method>
  <thread>1</thread>
  <message>Checking timeout</message>
  <nestedLevel>2</nestedLevel>
</record>
<record>
  <date>2018-10-17T13:10:13</date>
  <millis>1539762013090</millis>
  <sequence>44</sequence>
  <level>INFO</level>
  <class>com.kms.katalon.core.logging.KeywordLogger</class>
  <method>logMessage</method>
  <thread>1</thread>
  <message>Finding web element with id: &amp;apos;Object Repository/Compass/Dashboard/ddb_plan_year&amp;apos; located by &amp;apos;By.xpath: //compass-plan-selection-header-component/div[2]/div[2]/span[1]/kendo-dropdownlist/span[@role=&amp;apos;listbox&amp;apos;]//span[@class=&amp;apos;k-i-arrow-s k-icon&amp;apos;]&amp;apos; in &amp;apos;60&amp;apos; second(s)</message>
  <nestedLevel>2</nestedLevel>
</record>
<record>
  <date>2018-10-17T13:10:13</date>
  <millis>1539762013111</millis>
  <sequence>45</sequence>
  <level>INFO</level>
  <class>com.kms.katalon.core.logging.KeywordLogger</class>
  <method>logMessage</method>
  <thread>1</thread>
  <message>Found 1 web elements with id: &amp;apos;Object Repository/Compass/Dashboard/ddb_plan_year&amp;apos; located by &amp;apos;By.xpath: //compass-plan-selection-header-component/div[2]/div[2]/span[1]/kendo-dropdownlist/span[@role=&amp;apos;listbox&amp;apos;]//span[@class=&amp;apos;k-i-arrow-s k-icon&amp;apos;]&amp;apos; in &amp;apos;60&amp;apos; second(s)</message>
  <nestedLevel>2</nestedLevel>
</record>
<record>
  <date>2018-10-17T13:10:13</date>
  <millis>1539762013111</millis>
  <sequence>46</sequence>
  <level>INFO</level>
  <class>com.kms.katalon.core.logging.KeywordLogger</class>
  <method>logMessage</method>
  <thread>1</thread>
  <message>Clicking on object: &amp;apos;Object Repository/Compass/Dashboard/ddb_plan_year&amp;apos;</message>
  <nestedLevel>2</nestedLevel>
</record>
<record>
  <date>2018-10-17T13:10:13</date>
  <millis>1539762013204</millis>
  <sequence>47</sequence>
  <level>PASSED</level>
  <class>com.kms.katalon.core.logging.KeywordLogger</class>
  <method>logMessage</method>
  <thread>1</thread>
  <message>Object: &amp;apos;Object Repository/Compass/Dashboard/ddb_plan_year&amp;apos; is clicked on</message>
  <nestedLevel>2</nestedLevel>
</record>
<record>
  <date>2018-10-17T13:10:13</date>
  <millis>1539762013225</millis>
  <sequence>48</sequence>
  <level>INFO</level>
  <class>com.kms.katalon.core.logging.KeywordLogger</class>
  <method>logMessage</method>
  <thread>1</thread>
  <message>Checking object</message>
  <nestedLevel>2</nestedLevel>
</record>
<record>
  <date>2018-10-17T13:10:13</date>
  <millis>1539762013226</millis>
  <sequence>49</sequence>
  <level>INFO</level>
  <class>com.kms.katalon.core.logging.KeywordLogger</class>
  <method>logMessage</method>
  <thread>1</thread>
  <message>Checking timeout</message>
  <nestedLevel>2</nestedLevel>
</record>
<record>
  <date>2018-10-17T13:10:13</date>
  <millis>1539762013227</millis>
  <sequence>50</sequence>
  <level>INFO</level>
  <class>com.kms.katalon.core.logging.KeywordLogger</class>
  <method>logMessage</method>
  <thread>1</thread>
  <message>Checking timeout</message>
  <nestedLevel>2</nestedLevel>
</record>
<record>
  <date>2018-10-17T13:10:13</date>
  <millis>1539762013228</millis>
  <sequence>51</sequence>
  <level>INFO</level>
  <class>com.kms.katalon.core.logging.KeywordLogger</class>
  <method>logMessage</method>
  <thread>1</thread>
  <message>Finding web element with id: &amp;apos;&amp;apos; located by &amp;apos;By.xpath: //app-root/kendo-popup//kendo-list[@class=&amp;apos;ng-star-inserted&amp;apos;]//ul[@role=&amp;apos;listbox&amp;apos;]/li[contains(.,&amp;apos;2018&amp;apos;)]&amp;apos; in &amp;apos;50&amp;apos; second(s)</message>
  <nestedLevel>2</nestedLevel>
</record>
<record>
  <date>2018-10-17T13:10:13</date>
  <millis>1539762013260</millis>
  <sequence>52</sequence>
  <level>INFO</level>
  <class>com.kms.katalon.core.logging.KeywordLogger</class>
  <method>logMessage</method>
  <thread>1</thread>
  <message>Found 1 web elements with id: &amp;apos;&amp;apos; located by &amp;apos;By.xpath: //app-root/kendo-popup//kendo-list[@class=&amp;apos;ng-star-inserted&amp;apos;]//ul[@role=&amp;apos;listbox&amp;apos;]/li[contains(.,&amp;apos;2018&amp;apos;)]&amp;apos; in &amp;apos;50&amp;apos; second(s)</message>
  <nestedLevel>2</nestedLevel>
</record>
<record>
  <date>2018-10-17T13:10:13</date>
  <millis>1539762013276</millis>
  <sequence>53</sequence>
  <level>PASSED</level>
  <class>com.kms.katalon.core.logging.KeywordLogger</class>
  <method>logMessage</method>
  <thread>1</thread>
  <message>Object &amp;apos;&amp;apos; is clickable</message>
  <nestedLevel>2</nestedLevel>
</record>
<record>
  <date>2018-10-17T13:10:13</date>
  <millis>1539762013277</millis>
  <sequence>54</sequence>
  <level>INFO</level>
  <class>com.kms.katalon.core.logging.KeywordLogger</class>
  <method>logMessage</method>
  <thread>1</thread>
  <message>Checking object</message>
  <nestedLevel>2</nestedLevel>
</record>
<record>
  <date>2018-10-17T13:10:13</date>
  <millis>1539762013277</millis>
  <sequence>55</sequence>
  <level>INFO</level>
  <class>com.kms.katalon.core.logging.KeywordLogger</class>
  <method>logMessage</method>
  <thread>1</thread>
  <message>Checking timeout</message>
  <nestedLevel>2</nestedLevel>
</record>
<record>
  <date>2018-10-17T13:10:13</date>
  <millis>1539762013278</millis>
  <sequence>56</sequence>
  <level>INFO</level>
  <class>com.kms.katalon.core.logging.KeywordLogger</class>
  <method>logMessage</method>
  <thread>1</thread>
  <message>Finding web element with id: &amp;apos;&amp;apos; located by &amp;apos;By.xpath: //app-root/kendo-popup//kendo-list[@class=&amp;apos;ng-star-inserted&amp;apos;]//ul[@role=&amp;apos;listbox&amp;apos;]/li[contains(.,&amp;apos;2018&amp;apos;)]&amp;apos; in &amp;apos;60&amp;apos; second(s)</message>
  <nestedLevel>2</nestedLevel>
</record>
<record>
  <date>2018-10-17T13:10:13</date>
  <millis>1539762013296</millis>
  <sequence>57</sequence>
  <level>INFO</level>
  <class>com.kms.katalon.core.logging.KeywordLogger</class>
  <method>logMessage</method>
  <thread>1</thread>
  <message>Found 1 web elements with id: &amp;apos;&amp;apos; located by &amp;apos;By.xpath: //app-root/kendo-popup//kendo-list[@class=&amp;apos;ng-star-inserted&amp;apos;]//ul[@role=&amp;apos;listbox&amp;apos;]/li[contains(.,&amp;apos;2018&amp;apos;)]&amp;apos; in &amp;apos;60&amp;apos; second(s)</message>
  <nestedLevel>2</nestedLevel>
</record>
<record>
  <date>2018-10-17T13:10:13</date>
  <millis>1539762013296</millis>
  <sequence>58</sequence>
  <level>INFO</level>
  <class>com.kms.katalon.core.logging.KeywordLogger</class>
  <method>logMessage</method>
  <thread>1</thread>
  <message>Clicking on object: &amp;apos;&amp;apos;</message>
  <nestedLevel>2</nestedLevel>
</record>
<record>
  <date>2018-10-17T13:10:13</date>
  <millis>1539762013384</millis>
  <sequence>59</sequence>
  <level>PASSED</level>
  <class>com.kms.katalon.core.logging.KeywordLogger</class>
  <method>logMessage</method>
  <thread>1</thread>
  <message>Object: &amp;apos;&amp;apos; is clicked on</message>
  <nestedLevel>2</nestedLevel>
</record>
<record>
  <date>2018-10-17T13:10:13</date>
  <millis>1539762013384</millis>
  <sequence>60</sequence>
  <level>PASSED</level>
  <class>com.kms.katalon.core.logging.KeywordLogger</class>
  <method>logMessage</method>
  <thread>1</thread>
  <message>common.General.selectListBox is PASSED</message>
  <nestedLevel>2</nestedLevel>
</record>
<record>
  <date>2018-10-17T13:10:13</date>
  <millis>1539762013385</millis>
  <sequence>61</sequence>
  <level>END</level>
  <class>com.kms.katalon.core.logging.KeywordLogger</class>
  <method>endKeyword</method>
  <thread>1</thread>
  <message>End action : common.General.selectListBox</message>
  <nestedLevel>1</nestedLevel>
</record>
<record>
  <date>2018-10-17T13:10:13</date>
  <millis>1539762013385</millis>
  <sequence>62</sequence>
  <level>PASSED</level>
  <class>com.kms.katalon.core.logging.KeywordLogger</class>
  <method>logMessage</method>
  <thread>1</thread>
  <message>Test Cases/PageObjects/Dashboard/Dashboard_Header</message>
  <nestedLevel>2</nestedLevel>
</record>
<record>
  <date>2018-10-17T13:10:13</date>
  <millis>1539762013386</millis>
  <sequence>63</sequence>
  <level>END</level>
  <class>com.kms.katalon.core.logging.KeywordLogger</class>
  <method>endTest</method>
  <thread>1</thread>
  <message>End Test Case : Test Cases/PageObjects/Dashboard/Dashboard_Header</message>
  <nestedLevel>1</nestedLevel>
</record>
<record>
  <date>2018-10-17T13:10:13</date>
  <millis>1539762013393</millis>
  <sequence>64</sequence>
  <level>PASSED</level>
  <class>com.kms.katalon.core.logging.KeywordLogger</class>
  <method>logMessage</method>
  <thread>1</thread>
  <message>Call Test Case &amp;apos;Test Cases/PageObjects/Dashboard/Dashboard_Header&amp;apos; successfully</message>
  <nestedLevel>1</nestedLevel>
</record>
<record>
  <date>2018-10-17T13:10:13</date>
  <millis>1539762013394</millis>
  <sequence>65</sequence>
  <level>END</level>
  <class>com.kms.katalon.core.logging.KeywordLogger</class>
  <method>endKeyword</method>
  <thread>1</thread>
  <message>End action : callTestCase</message>
  <nestedLevel>1</nestedLevel>
</record>
<record>
  <date>2018-10-17T13:10:13</date>
  <millis>1539762013394</millis>
  <sequence>66</sequence>
  <level>PASSED</level>
  <class>com.kms.katalon.core.logging.KeywordLogger</class>
  <method>logMessage</method>
  <thread>1</thread>
  <message>Test Cases/TestCases/Smoke_Test_1</message>
  <nestedLevel>1</nestedLevel>
</record>
<record>
  <date>2018-10-17T13:10:13</date>
  <millis>1539762013395</millis>
  <sequence>67</sequence>
  <level>END</level>
  <class>com.kms.katalon.core.logging.KeywordLogger</class>
  <method>endTest</method>
  <thread>1</thread>
  <message>End Test Case : Test Cases/TestCases/Smoke_Test_1</message>
  <nestedLevel>0</nestedLevel>
</record>
<record>
  <date>2018-10-17T13:10:13</date>
  <millis>1539762013395</millis>
  <sequence>68</sequence>
  <level>END</level>
  <class>com.kms.katalon.core.logging.KeywordLogger</class>
  <method>endSuite</method>
  <thread>1</thread>
  <message>End Test Suite : Test Suites/MySuite</message>
  <nestedLevel>0</nestedLevel>
</record>
</log>
